<?xml version="1.0" encoding="UTF-8"?>
<testng-results skipped="0" failed="0" ignored="0" total="1" passed="1">
  <reporter-output>
  </reporter-output>
  <suite name="Default suite" duration-ms="6051" started-at="2019-02-18T04:14:43Z" finished-at="2019-02-18T04:14:49Z">
    <groups>
    </groups>
    <test name="Default test" duration-ms="6051" started-at="2019-02-18T04:14:43Z" finished-at="2019-02-18T04:14:49Z">
      <class name="googleAPI.AddAndDeletePlace">
        <test-method status="PASS" signature="Setup()[pri:0, instance:googleAPI.AddAndDeletePlace@71318ec4]" name="Setup" is-config="true" duration-ms="31" started-at="2019-02-18T04:14:43Z" finished-at="2019-02-18T04:14:43Z">
          <reporter-output>
          </reporter-output>
        </test-method> <!-- Setup -->
        <test-method status="PASS" signature="PostRequest()[pri:0, instance:googleAPI.AddAndDeletePlace@71318ec4]" name="PostRequest" duration-ms="5452" started-at="2019-02-18T04:14:43Z" finished-at="2019-02-18T04:14:49Z">
          <reporter-output>
          </reporter-output>
        </test-method> <!-- PostRequest -->
      </class> <!-- googleAPI.AddAndDeletePlace -->
    </test> <!-- Default test -->
  </suite> <!-- Default suite -->
</testng-results>
