<?xml version="1.0" encoding="UTF-8"?>
<testng-results skipped="0" failed="0" ignored="0" total="1" passed="1">
  <reporter-output>
  </reporter-output>
  <suite name="Default suite" duration-ms="8145" started-at="2018-12-27T03:56:05Z" finished-at="2018-12-27T03:56:13Z">
    <groups>
    </groups>
    <test name="Default test" duration-ms="8145" started-at="2018-12-27T03:56:05Z" finished-at="2018-12-27T03:56:13Z">
      <class name="googleAPI.SearchPlace">
        <test-method status="PASS" signature="getRequest()[pri:0, instance:googleAPI.SearchPlace@b0338]" name="getRequest" duration-ms="8011" started-at="2018-12-27T03:56:05Z" finished-at="2018-12-27T03:56:13Z">
          <reporter-output>
          </reporter-output>
        </test-method> <!-- getRequest -->
      </class> <!-- googleAPI.SearchPlace -->
    </test> <!-- Default test -->
  </suite> <!-- Default suite -->
</testng-results>
